<?xml version="1.0" encoding="UTF-8"?>
<testng-results ignored="3" total="10" passed="7" failed="0" skipped="0">
  <reporter-output>
  </reporter-output>
  <suite started-at="2021-11-13T01:11:18 IST" name="Suite" finished-at="2021-11-13T01:11:18 IST" duration-ms="160">
    <groups>
    </groups>
    <test started-at="2021-11-13T01:11:18 IST" name="Test" finished-at="2021-11-13T01:11:18 IST" duration-ms="71">
      <class name="Pack.Test1">
        <test-method signature="Method1()[pri:0, instance:Pack.Test1@25d250c6]" started-at="2021-11-13T01:11:18 IST" name="Method1" finished-at="2021-11-13T01:11:18 IST" duration-ms="12" status="PASS">
          <reporter-output>
          </reporter-output>
        </test-method> <!-- Method1 -->
        <test-method signature="Method2()[pri:0, instance:Pack.Test1@25d250c6]" started-at="2021-11-13T01:11:18 IST" name="Method2" finished-at="2021-11-13T01:11:18 IST" duration-ms="2" status="PASS">
          <reporter-output>
          </reporter-output>
        </test-method> <!-- Method2 -->
        <test-method signature="Method3()[pri:0, instance:Pack.Test1@25d250c6]" started-at="2021-11-13T01:11:18 IST" name="Method3" finished-at="2021-11-13T01:11:18 IST" duration-ms="2" status="PASS">
          <reporter-output>
          </reporter-output>
        </test-method> <!-- Method3 -->
      </class> <!-- Pack.Test1 -->
      <class name="Pack.Test2">
        <test-method signature="Testcase1()[pri:0, instance:Pack.Test2@159f197]" started-at="2021-11-13T01:11:18 IST" name="Testcase1" finished-at="2021-11-13T01:11:18 IST" duration-ms="1" status="PASS">
          <reporter-output>
          </reporter-output>
        </test-method> <!-- Testcase1 -->
        <test-method signature="Testcase2()[pri:0, instance:Pack.Test2@159f197]" started-at="2021-11-13T01:11:18 IST" name="Testcase2" finished-at="2021-11-13T01:11:18 IST" duration-ms="1" status="PASS">
          <reporter-output>
          </reporter-output>
        </test-method> <!-- Testcase2 -->
      </class> <!-- Pack.Test2 -->
    </test> <!-- Test -->
    <test started-at="2021-11-13T01:11:18 IST" name="cars" finished-at="2021-11-13T01:11:18 IST" duration-ms="10">
      <class name="Pack.Test2">
        <test-method signature="Testcase3()[pri:0, instance:Pack.Test2@7e0b85f9]" started-at="2021-11-13T01:11:18 IST" name="Testcase3" finished-at="2021-11-13T01:11:18 IST" duration-ms="1" status="PASS">
          <reporter-output>
          </reporter-output>
        </test-method> <!-- Testcase3 -->
      </class> <!-- Pack.Test2 -->
      <class name="Pack.Cars">
        <test-method is-config="true" signature="Car2()[pri:0, instance:Pack.Cars@654f0d9c]" started-at="2021-11-13T01:11:18 IST" name="Car2" finished-at="2021-11-13T01:11:18 IST" duration-ms="1" status="PASS">
          <reporter-output>
          </reporter-output>
        </test-method> <!-- Car2 -->
        <test-method signature="Car1()[pri:0, instance:Pack.Cars@654f0d9c]" started-at="2021-11-13T01:11:18 IST" name="Car1" finished-at="2021-11-13T01:11:18 IST" duration-ms="1" status="PASS">
          <reporter-output>
          </reporter-output>
        </test-method> <!-- Car1 -->
        <test-method is-config="true" signature="Car3()[pri:0, instance:Pack.Cars@654f0d9c]" started-at="2021-11-13T01:11:18 IST" name="Car3" finished-at="2021-11-13T01:11:18 IST" duration-ms="0" status="PASS">
          <reporter-output>
          </reporter-output>
        </test-method> <!-- Car3 -->
      </class> <!-- Pack.Cars -->
    </test> <!-- cars -->
  </suite> <!-- Suite -->
</testng-results>
