<?xml version="1.0" encoding="UTF-8"?>
<!-- Generated by org.testng.reporters.JUnitReportReporter -->
<testsuite hostname="DESKTOP-OHE64LU" failures="0" tests="3" name="Pack.Test1" time="0.016" errors="0" timestamp="2021-11-13T01:11:18 IST" skipped="0">
  <testcase classname="Pack.Test1" name="Method1" time="0.012"/>
  <system-out/>
  <testcase classname="Pack.Test1" name="Method2" time="0.002"/>
  <system-out/>
  <testcase classname="Pack.Test1" name="Method3" time="0.002"/>
  <system-out/>
</testsuite> <!-- Pack.Test1 -->
