<?xml version="1.0" encoding="UTF-8"?>
<!-- Generated by org.testng.reporters.JUnitXMLReporter -->
<testsuite ignored="2" hostname="DESKTOP-OHE64LU" failures="0" tests="1" name="Test" time="45.448" errors="0" timestamp="2021-11-16T19:58:27 IST">
  <testcase classname="UserLogin.Configuring" name="Gettitle" time="0.02"/>
  <testcase classname="UserLogin.Configuring" name="Validate" time="0.0">
    <ignored/>
  </testcase> <!-- Validate -->
  <testcase classname="UserLogin.Configuring" name="CheckUrl" time="0.0">
    <ignored/>
  </testcase> <!-- CheckUrl -->
</testsuite> <!-- Test -->
