<?xml version="1.0" encoding="UTF-8"?>
<testng-results ignored="2" total="3" passed="1" failed="0" skipped="0">
  <reporter-output>
  </reporter-output>
  <suite started-at="2021-11-16T19:57:41 IST" name="Suite" finished-at="2021-11-16T19:58:27 IST" duration-ms="45448">
    <groups>
    </groups>
    <test started-at="2021-11-16T19:57:41 IST" name="Test" finished-at="2021-11-16T19:58:27 IST" duration-ms="45448">
      <class name="UserLogin.Configuring">
        <test-method is-config="true" signature="Driver(java.lang.String)[pri:0, instance:UserLogin.Configuring@2a65fe7c]" started-at="2021-11-16T19:57:41 IST" name="Driver" finished-at="2021-11-16T19:58:26 IST" duration-ms="45260" status="PASS">
          <params>
            <param index="0">
              <value>
                <![CDATA[https://user.mockplus.com/signin?next=https%3A%2F%2Fwww.mockplus.com%2F]]>
              </value>
            </param>
          </params>
          <reporter-output>
          </reporter-output>
        </test-method> <!-- Driver -->
        <test-method signature="Gettitle()[pri:0, instance:UserLogin.Configuring@2a65fe7c]" started-at="2021-11-16T19:58:26 IST" name="Gettitle" finished-at="2021-11-16T19:58:26 IST" duration-ms="20" status="PASS">
          <reporter-output>
          </reporter-output>
        </test-method> <!-- Gettitle -->
        <test-method is-config="true" signature="CloseBrowser()[pri:0, instance:UserLogin.Configuring@2a65fe7c]" started-at="2021-11-16T19:58:26 IST" name="CloseBrowser" finished-at="2021-11-16T19:58:27 IST" duration-ms="125" status="PASS">
          <reporter-output>
          </reporter-output>
        </test-method> <!-- CloseBrowser -->
      </class> <!-- UserLogin.Configuring -->
    </test> <!-- Test -->
  </suite> <!-- Suite -->
</testng-results>
