<?xml version="1.0" encoding="UTF-8"?>
<!-- Generated by org.testng.reporters.JUnitReportReporter -->
<testsuite hostname="DESKTOP-OHE64LU" failures="0" tests="3" name="Pack.Test2" time="0.003" errors="0" timestamp="2021-11-13T01:11:18 IST" skipped="0">
  <testcase classname="Pack.Test2" name="Testcase3" time="0.001"/>
  <system-out/>
  <testcase classname="Pack.Test2" name="Testcase1" time="0.001"/>
  <system-out/>
  <testcase classname="Pack.Test2" name="Testcase2" time="0.001"/>
  <system-out/>
</testsuite> <!-- Pack.Test2 -->
