<?xml version="1.0" encoding="UTF-8"?>
<!-- Generated by org.testng.reporters.JUnitXMLReporter -->
<testsuite ignored="2" hostname="DESKTOP-OHE64LU" failures="0" tests="2" name="cars" time="0.01" errors="0" timestamp="2021-11-13T01:11:18 IST">
  <testcase classname="Pack.Cars" name="Car1" time="0.001"/>
  <testcase classname="Pack.Test2" name="Testcase3" time="0.001"/>
  <testcase classname="Pack.Test2" name="Testcase1" time="0.0">
    <ignored/>
  </testcase> <!-- Testcase1 -->
  <testcase classname="Pack.Test2" name="Testcase2" time="0.0">
    <ignored/>
  </testcase> <!-- Testcase2 -->
</testsuite> <!-- cars -->
