<?xml version="1.0" encoding="UTF-8"?>
<!-- Generated by org.testng.reporters.JUnitXMLReporter -->
<testsuite ignored="1" hostname="DESKTOP-OHE64LU" failures="0" tests="5" name="Test" time="0.071" errors="0" timestamp="2021-11-13T01:11:18 IST">
  <testcase classname="Pack.Test1" name="Method1" time="0.012"/>
  <testcase classname="Pack.Test1" name="Method2" time="0.002"/>
  <testcase classname="Pack.Test1" name="Method3" time="0.002"/>
  <testcase classname="Pack.Test2" name="Testcase1" time="0.001"/>
  <testcase classname="Pack.Test2" name="Testcase2" time="0.001"/>
  <testcase classname="Pack.Test2" name="Testcase3" time="0.0">
    <ignored/>
  </testcase> <!-- Testcase3 -->
</testsuite> <!-- Test -->
